<?xml version="1.0" encoding="UTF-8"?>
<testsuite name="com.oracle.truffle.sl.test.SLTckTest" time="1.128" tests="97" errors="0" skipped="0" failures="0">
  <properties>
    <property name="java.runtime.name" value="OpenJDK Runtime Environment"/>
    <property name="sun.boot.library.path" value="/usr/lib/jvm/java-8-openjdk-amd64/jre/lib/amd64"/>
    <property name="java.vm.version" value="25.121-b13"/>
    <property name="java.vm.vendor" value="Oracle Corporation"/>
    <property name="maven.multiModuleProjectDirectory" value="/home/julius/Documents/MySources/School/Trupple/SimpleLanguage/simplelanguage"/>
    <property name="java.vendor.url" value="http://java.oracle.com/"/>
    <property name="path.separator" value=":"/>
    <property name="guice.disable.misplaced.annotation.check" value="true"/>
    <property name="java.vm.name" value="OpenJDK 64-Bit Server VM"/>
    <property name="file.encoding.pkg" value="sun.io"/>
    <property name="user.country" value="US"/>
    <property name="sun.java.launcher" value="SUN_STANDARD"/>
    <property name="sun.os.patch.level" value="unknown"/>
    <property name="java.vm.specification.name" value="Java Virtual Machine Specification"/>
    <property name="user.dir" value="/home/julius/Documents/MySources/School/Trupple/SimpleLanguage/simplelanguage"/>
    <property name="java.runtime.version" value="1.8.0_121-8u121-b13-0ubuntu1.16.04.2-b13"/>
    <property name="java.awt.graphicsenv" value="sun.awt.X11GraphicsEnvironment"/>
    <property name="java.endorsed.dirs" value="/usr/lib/jvm/java-8-openjdk-amd64/jre/lib/endorsed"/>
    <property name="os.arch" value="amd64"/>
    <property name="java.io.tmpdir" value="/tmp"/>
    <property name="line.separator" value="&#10;"/>
    <property name="java.vm.specification.vendor" value="Oracle Corporation"/>
    <property name="os.name" value="Linux"/>
    <property name="classworlds.conf" value="/usr/share/maven/bin/m2.conf"/>
    <property name="sun.jnu.encoding" value="UTF-8"/>
    <property name="java.library.path" value="/usr/java/packages/lib/amd64:/usr/lib/x86_64-linux-gnu/jni:/lib/x86_64-linux-gnu:/usr/lib/x86_64-linux-gnu:/usr/lib/jni:/lib:/usr/lib"/>
    <property name="java.specification.name" value="Java Platform API Specification"/>
    <property name="java.class.version" value="52.0"/>
    <property name="sun.management.compiler" value="HotSpot 64-Bit Tiered Compilers"/>
    <property name="os.version" value="4.4.0-53-generic"/>
    <property name="user.home" value="/home/julius"/>
    <property name="user.timezone" value="Europe/Prague"/>
    <property name="java.awt.printerjob" value="sun.print.PSPrinterJob"/>
    <property name="file.encoding" value="UTF-8"/>
    <property name="java.specification.version" value="1.8"/>
    <property name="user.name" value="julius"/>
    <property name="java.class.path" value="/usr/share/maven/boot/plexus-classworlds-2.x.jar"/>
    <property name="java.vm.specification.version" value="1.8"/>
    <property name="sun.arch.data.model" value="64"/>
    <property name="java.home" value="/usr/lib/jvm/java-8-openjdk-amd64/jre"/>
    <property name="sun.java.command" value="org.codehaus.plexus.classworlds.launcher.Launcher package"/>
    <property name="java.specification.vendor" value="Oracle Corporation"/>
    <property name="user.language" value="en"/>
    <property name="awt.toolkit" value="sun.awt.X11.XToolkit"/>
    <property name="java.vm.info" value="mixed mode"/>
    <property name="java.version" value="1.8.0_121"/>
    <property name="java.ext.dirs" value="/usr/lib/jvm/java-8-openjdk-amd64/jre/lib/ext:/usr/java/packages/lib/ext"/>
    <property name="securerandom.source" value="file:/dev/./urandom"/>
    <property name="sun.boot.class.path" value="/usr/lib/jvm/java-8-openjdk-amd64/jre/lib/resources.jar:/usr/lib/jvm/java-8-openjdk-amd64/jre/lib/rt.jar:/usr/lib/jvm/java-8-openjdk-amd64/jre/lib/sunrsasign.jar:/usr/lib/jvm/java-8-openjdk-amd64/jre/lib/jsse.jar:/usr/lib/jvm/java-8-openjdk-amd64/jre/lib/jce.jar:/usr/lib/jvm/java-8-openjdk-amd64/jre/lib/charsets.jar:/usr/lib/jvm/java-8-openjdk-amd64/jre/lib/jfr.jar:/usr/lib/jvm/java-8-openjdk-amd64/jre/classes"/>
    <property name="java.vendor" value="Oracle Corporation"/>
    <property name="maven.home" value="/usr/share/maven"/>
    <property name="file.separator" value="/"/>
    <property name="java.vendor.url.bug" value="http://bugreport.sun.com/bugreport/"/>
    <property name="sun.cpu.endian" value="little"/>
    <property name="sun.io.unicode.encoding" value="UnicodeLittle"/>
    <property name="sun.desktop" value="gnome"/>
    <property name="sun.cpu.isalist" value=""/>
  </properties>
  <testcase name="testVerifyPresence" classname="com.oracle.truffle.sl.test.SLTckTest" time="0.003"/>
  <testcase name="testPlusWithShort" classname="com.oracle.truffle.sl.test.SLTckTest" time="0.022"/>
  <testcase name="testGetSizeOfForeign" classname="com.oracle.truffle.sl.test.SLTckTest" time="0.011"/>
  <testcase name="testIsNotNull" classname="com.oracle.truffle.sl.test.SLTckTest" time="0.043"/>
  <testcase name="testWriteToObjectWithValueProperty" classname="com.oracle.truffle.sl.test.SLTckTest" time="0.016"/>
  <testcase name="testNullInCompoundObject" classname="com.oracle.truffle.sl.test.SLTckTest" time="0.017"/>
  <testcase name="testReadFromObjectWithValueProperty" classname="com.oracle.truffle.sl.test.SLTckTest" time="0.005"/>
  <testcase name="testPrimitiveidentityBoxedInt" classname="com.oracle.truffle.sl.test.SLTckTest" time="0.007"/>
  <testcase name="testReadElementFromForeign" classname="com.oracle.truffle.sl.test.SLTckTest" time="0"/>
  <testcase name="testCallFunction" classname="com.oracle.truffle.sl.test.SLTckTest" time="0.007"/>
  <testcase name="testWriteToObjectWithElement" classname="com.oracle.truffle.sl.test.SLTckTest" time="0"/>
  <testcase name="testRootNodeName" classname="com.oracle.truffle.sl.test.SLTckTest" time="0.008"/>
  <testcase name="testPlusWithDoubleNaNPlusNegInf" classname="com.oracle.truffle.sl.test.SLTckTest" time="0.013"/>
  <testcase name="testPrimitiveReturnTypeInt" classname="com.oracle.truffle.sl.test.SLTckTest" time="0.004"/>
  <testcase name="testPlusWithDoubleNaNPlusPosInf" classname="com.oracle.truffle.sl.test.SLTckTest" time="0.02"/>
  <testcase name="readWriteBooleanValue" classname="com.oracle.truffle.sl.test.SLTckTest" time="0.008"/>
  <testcase name="testReadFromObjectWithElement" classname="com.oracle.truffle.sl.test.SLTckTest" time="0"/>
  <testcase name="testPlusWithOneNegativeInt" classname="com.oracle.truffle.sl.test.SLTckTest" time="0.004"/>
  <testcase name="testPrimitiveidentityInt" classname="com.oracle.truffle.sl.test.SLTckTest" time="0.004"/>
  <testcase name="testIsNullOfForeign" classname="com.oracle.truffle.sl.test.SLTckTest" time="0.006"/>
  <testcase name="readWriteDoubleValue" classname="com.oracle.truffle.sl.test.SLTckTest" time="0.005"/>
  <testcase name="testSumRealOfComplexNumbersAsStructuredDataRowBased" classname="com.oracle.truffle.sl.test.SLTckTest" time="0.001"/>
  <testcase name="readWriteCharValue" classname="com.oracle.truffle.sl.test.SLTckTest" time="0.006"/>
  <testcase name="testNull" classname="com.oracle.truffle.sl.test.SLTckTest" time="0.002"/>
  <testcase name="testWriteElementOfForeign" classname="com.oracle.truffle.sl.test.SLTckTest" time="0.001"/>
  <testcase name="testPlusWithOneNegativeByte" classname="com.oracle.truffle.sl.test.SLTckTest" time="0.004"/>
  <testcase name="testNullCanBeCastToAnything" classname="com.oracle.truffle.sl.test.SLTckTest" time="0.004"/>
  <testcase name="testSumRealOfComplexNumbersAsStructuredDataColumnBased" classname="com.oracle.truffle.sl.test.SLTckTest" time="0"/>
  <testcase name="testMaxOrMinValue" classname="com.oracle.truffle.sl.test.SLTckTest" time="0.004"/>
  <testcase name="testValueWithSource" classname="com.oracle.truffle.sl.test.SLTckTest" time="0.006"/>
  <testcase name="readWriteShortValue" classname="com.oracle.truffle.sl.test.SLTckTest" time="0.004"/>
  <testcase name="testPlusWithDoubleMaxInt" classname="com.oracle.truffle.sl.test.SLTckTest" time="0.005"/>
  <testcase name="testPropertiesInteropMessage" classname="com.oracle.truffle.sl.test.SLTckTest" time="0.02"/>
  <testcase name="testEvaluateSource" classname="com.oracle.truffle.sl.test.SLTckTest" time="0.004"/>
  <testcase name="testIsExecutable" classname="com.oracle.truffle.sl.test.SLTckTest" time="0.004"/>
  <testcase name="readWriteByteValue" classname="com.oracle.truffle.sl.test.SLTckTest" time="0.004"/>
  <testcase name="testGetSize" classname="com.oracle.truffle.sl.test.SLTckTest" time="0"/>
  <testcase name="timeOutTest" classname="com.oracle.truffle.sl.test.SLTckTest" time="0.69"/>
  <testcase name="testCopyComplexNumbersA" classname="com.oracle.truffle.sl.test.SLTckTest" time="0"/>
  <testcase name="testCopyComplexNumbersB" classname="com.oracle.truffle.sl.test.SLTckTest" time="0"/>
  <testcase name="testPlusWithOneNegativeShort" classname="com.oracle.truffle.sl.test.SLTckTest" time="0.002"/>
  <testcase name="testPrimitiveReturnTypeDouble" classname="com.oracle.truffle.sl.test.SLTckTest" time="0.001"/>
  <testcase name="testPlusWithDoubleMaxMinInt" classname="com.oracle.truffle.sl.test.SLTckTest" time="0.002"/>
  <testcase name="testPrimitiveidentityDouble" classname="com.oracle.truffle.sl.test.SLTckTest" time="0.001"/>
  <testcase name="testAddComplexNumbersWithMethod" classname="com.oracle.truffle.sl.test.SLTckTest" time="0"/>
  <testcase name="testMetaObject" classname="com.oracle.truffle.sl.test.SLTckTest" time="0.012"/>
  <testcase name="testPrimitiveidentityBoxedByte" classname="com.oracle.truffle.sl.test.SLTckTest" time="0"/>
  <testcase name="testPrimitiveidentityBoxedLong" classname="com.oracle.truffle.sl.test.SLTckTest" time="0"/>
  <testcase name="testSumRealOfComplexNumbersA" classname="com.oracle.truffle.sl.test.SLTckTest" time="0"/>
  <testcase name="testSumRealOfComplexNumbersB" classname="com.oracle.truffle.sl.test.SLTckTest" time="0"/>
  <testcase name="testPrimitiveidentityBoxedDouble" classname="com.oracle.truffle.sl.test.SLTckTest" time="0"/>
  <testcase name="multiplyTwoVariables" classname="com.oracle.truffle.sl.test.SLTckTest" time="0.001"/>
  <testcase name="testFortyTwoWithCompoundObject" classname="com.oracle.truffle.sl.test.SLTckTest" time="0.007"/>
  <testcase name="testPrimitiveidentityString" classname="com.oracle.truffle.sl.test.SLTckTest" time="0.002"/>
  <testcase name="testHasSize" classname="com.oracle.truffle.sl.test.SLTckTest" time="0"/>
  <testcase name="readWriteIntValue" classname="com.oracle.truffle.sl.test.SLTckTest" time="0.003"/>
  <testcase name="testPrimitiveidentityByte" classname="com.oracle.truffle.sl.test.SLTckTest" time="0.001"/>
  <testcase name="testPrimitiveidentityLong" classname="com.oracle.truffle.sl.test.SLTckTest" time="0.002"/>
  <testcase name="testPlusWithDoubleRound" classname="com.oracle.truffle.sl.test.SLTckTest" time="0.002"/>
  <testcase name="testHasSizeOfForeign" classname="com.oracle.truffle.sl.test.SLTckTest" time="0.002"/>
  <testcase name="testCoExistanceOfMultipleLanguageInstances" classname="com.oracle.truffle.sl.test.SLTckTest" time="0.033"/>
  <testcase name="testMaxOrMinValue2" classname="com.oracle.truffle.sl.test.SLTckTest" time="0"/>
  <testcase name="testPrimitiveReturnTypeFloat" classname="com.oracle.truffle.sl.test.SLTckTest" time="0"/>
  <testcase name="testPrimitiveReturnTypeShort" classname="com.oracle.truffle.sl.test.SLTckTest" time="0"/>
  <testcase name="testPrimitiveidentityBoxedString" classname="com.oracle.truffle.sl.test.SLTckTest" time="0.002"/>
  <testcase name="testCallMethod" classname="com.oracle.truffle.sl.test.SLTckTest" time="0"/>
  <testcase name="testPlusWithLongMaxIntMinInt" classname="com.oracle.truffle.sl.test.SLTckTest" time="0.003"/>
  <testcase name="testIsExecutableOfForeign" classname="com.oracle.truffle.sl.test.SLTckTest" time="0.009"/>
  <testcase name="testPlusWithDoubleMaxIntPlusOne" classname="com.oracle.truffle.sl.test.SLTckTest" time="0.003"/>
  <testcase name="testPlusWithDoubleMinIntMinusOne" classname="com.oracle.truffle.sl.test.SLTckTest" time="0.002"/>
  <testcase name="readWriteFloatValue" classname="com.oracle.truffle.sl.test.SLTckTest" time="0.004"/>
  <testcase name="testPlusWithIntsOnCompoundObject" classname="com.oracle.truffle.sl.test.SLTckTest" time="0.004"/>
  <testcase name="testInvalidTestMethod" classname="com.oracle.truffle.sl.test.SLTckTest" time="0.003"/>
  <testcase name="addOneToAnArrayElement" classname="com.oracle.truffle.sl.test.SLTckTest" time="0"/>
  <testcase name="testObjectWithValueAndAddProperty" classname="com.oracle.truffle.sl.test.SLTckTest" time="0"/>
  <testcase name="testFortyTwo" classname="com.oracle.truffle.sl.test.SLTckTest" time="0.003"/>
  <testcase name="testPlusWithDoubleFloatSameAsInt" classname="com.oracle.truffle.sl.test.SLTckTest" time="0.002"/>
  <testcase name="testCopyStructuredComplexToComplexNumbersA" classname="com.oracle.truffle.sl.test.SLTckTest" time="0"/>
  <testcase name="testReadValueFromForeign" classname="com.oracle.truffle.sl.test.SLTckTest" time="0.005"/>
  <testcase name="testWriteValueToForeign" classname="com.oracle.truffle.sl.test.SLTckTest" time="0.01"/>
  <testcase name="testAddComplexNumbers" classname="com.oracle.truffle.sl.test.SLTckTest" time="0.011"/>
  <testcase name="testPrimitiveidentityFloat" classname="com.oracle.truffle.sl.test.SLTckTest" time="0.002"/>
  <testcase name="testPrimitiveidentityShort" classname="com.oracle.truffle.sl.test.SLTckTest" time="0.002"/>
  <testcase name="testFunctionAddNumbers" classname="com.oracle.truffle.sl.test.SLTckTest" time="0.004"/>
  <testcase name="testPlusWithDoubleMaxIntPlusNegInf" classname="com.oracle.truffle.sl.test.SLTckTest" time="0.002"/>
  <testcase name="testPlusWithDoubleMaxIntPlusPosInf" classname="com.oracle.truffle.sl.test.SLTckTest" time="0.002"/>
  <testcase name="testPrimitiveIdentityForeignObject" classname="com.oracle.truffle.sl.test.SLTckTest" time="0.003"/>
  <testcase name="testPlusWithDouble" classname="com.oracle.truffle.sl.test.SLTckTest" time="0.002"/>
  <testcase name="testPrimitiveidentityBoxedFloat" classname="com.oracle.truffle.sl.test.SLTckTest" time="0.002"/>
  <testcase name="testPrimitiveReturnTypeByte" classname="com.oracle.truffle.sl.test.SLTckTest" time="0.006"/>
  <testcase name="testPrimitiveReturnTypeLong" classname="com.oracle.truffle.sl.test.SLTckTest" time="0"/>
  <testcase name="testPrimitiveidentityBoxedShort" classname="com.oracle.truffle.sl.test.SLTckTest" time="0"/>
  <testcase name="testGlobalObjectIsAccessible" classname="com.oracle.truffle.sl.test.SLTckTest" time="0.001"/>
  <testcase name="testPlusWithInts" classname="com.oracle.truffle.sl.test.SLTckTest" time="0.002"/>
  <testcase name="testPlusWithLong" classname="com.oracle.truffle.sl.test.SLTckTest" time="0.002"/>
  <testcase name="testPlusWithBytes" classname="com.oracle.truffle.sl.test.SLTckTest" time="0.002"/>
  <testcase name="testPlusWithFloat" classname="com.oracle.truffle.sl.test.SLTckTest" time="0.002"/>
</testsuite>