<?xml version="1.0" encoding="UTF-8" ?>
<testsuite tests="2" failures="0" name="cz.cuni.mff.d3s.trupple.UnitTest" time="0" errors="2" skipped="0">
  <properties>
    <property name="idea.version" value="2016.3.6"/>
    <property name="java.runtime.name" value="Java(TM) SE Runtime Environment"/>
    <property name="sun.boot.library.path" value="/usr/lib/jvm/jdk1.8.0_111/jre/lib/amd64"/>
    <property name="java.vm.version" value="25.111-b14"/>
    <property name="java.vm.vendor" value="Oracle Corporation"/>
    <property name="maven.multiModuleProjectDirectory" value="/home/julius/Documents/MySources/School/Trupple/TrufflePascal"/>
    <property name="java.vendor.url" value="http://java.oracle.com/"/>
    <property name="path.separator" value=":"/>
    <property name="guice.disable.misplaced.annotation.check" value="true"/>
    <property name="java.vm.name" value="Java HotSpot(TM) 64-Bit Server VM"/>
    <property name="file.encoding.pkg" value="sun.io"/>
    <property name="idea.launcher.port" value="7532"/>
    <property name="user.country" value="US"/>
    <property name="sun.java.launcher" value="SUN_STANDARD"/>
    <property name="sun.os.patch.level" value="unknown"/>
    <property name="java.vm.specification.name" value="Java Virtual Machine Specification"/>
    <property name="user.dir" value="/home/julius/Documents/MySources/School/Trupple/TrufflePascal"/>
    <property name="java.runtime.version" value="1.8.0_111-b14"/>
    <property name="java.awt.graphicsenv" value="sun.awt.X11GraphicsEnvironment"/>
    <property name="java.endorsed.dirs" value="/usr/lib/jvm/jdk1.8.0_111/jre/lib/endorsed"/>
    <property name="os.arch" value="amd64"/>
    <property name="java.io.tmpdir" value="/tmp"/>
    <property name="line.separator" value="
"/>
    <property name="java.vm.specification.vendor" value="Oracle Corporation"/>
    <property name="os.name" value="Linux"/>
    <property name="classworlds.conf" value="/home/julius/Applications/IntelliJ/plugins/maven/lib/maven3/bin/m2.conf"/>
    <property name="sun.jnu.encoding" value="UTF-8"/>
    <property name="java.library.path" value="/home/julius/Applications/IntelliJ/bin::/usr/java/packages/lib/amd64:/usr/lib64:/lib64:/lib:/usr/lib"/>
    <property name="java.specification.name" value="Java Platform API Specification"/>
    <property name="java.class.version" value="52.0"/>
    <property name="sun.management.compiler" value="HotSpot 64-Bit Tiered Compilers"/>
    <property name="os.version" value="4.4.0-53-generic"/>
    <property name="user.home" value="/home/julius"/>
    <property name="user.timezone" value="Europe/Prague"/>
    <property name="java.awt.printerjob" value="sun.print.PSPrinterJob"/>
    <property name="java.specification.version" value="1.8"/>
    <property name="idea.launcher.bin.path" value="/home/julius/Applications/IntelliJ/bin"/>
    <property name="file.encoding" value="UTF-8"/>
    <property name="user.name" value="julius"/>
    <property name="java.class.path" value="/home/julius/Applications/IntelliJ/plugins/maven/lib/maven3/boot/plexus-classworlds-2.5.2.jar:/home/julius/Applications/IntelliJ/lib/idea_rt.jar"/>
    <property name="java.vm.specification.version" value="1.8"/>
    <property name="sun.arch.data.model" value="64"/>
    <property name="java.home" value="/usr/lib/jvm/jdk1.8.0_111/jre"/>
    <property name="sun.java.command" value="com.intellij.rt.execution.application.AppMain org.codehaus.classworlds.Launcher -Didea.version=2016.3.6 install"/>
    <property name="java.specification.vendor" value="Oracle Corporation"/>
    <property name="user.language" value="en"/>
    <property name="awt.toolkit" value="sun.awt.X11.XToolkit"/>
    <property name="java.vm.info" value="mixed mode"/>
    <property name="java.version" value="1.8.0_111"/>
    <property name="java.ext.dirs" value="/usr/lib/jvm/jdk1.8.0_111/jre/lib/ext:/usr/java/packages/lib/ext"/>
    <property name="securerandom.source" value="file:/dev/./urandom"/>
    <property name="sun.boot.class.path" value="/usr/lib/jvm/jdk1.8.0_111/jre/lib/resources.jar:/usr/lib/jvm/jdk1.8.0_111/jre/lib/rt.jar:/usr/lib/jvm/jdk1.8.0_111/jre/lib/sunrsasign.jar:/usr/lib/jvm/jdk1.8.0_111/jre/lib/jsse.jar:/usr/lib/jvm/jdk1.8.0_111/jre/lib/jce.jar:/usr/lib/jvm/jdk1.8.0_111/jre/lib/charsets.jar:/usr/lib/jvm/jdk1.8.0_111/jre/lib/jfr.jar:/usr/lib/jvm/jdk1.8.0_111/jre/classes"/>
    <property name="java.vendor" value="Oracle Corporation"/>
    <property name="maven.home" value="/home/julius/Applications/IntelliJ/plugins/maven/lib/maven3"/>
    <property name="file.separator" value="/"/>
    <property name="java.vendor.url.bug" value="http://bugreport.sun.com/bugreport/"/>
    <property name="sun.cpu.endian" value="little"/>
    <property name="sun.io.unicode.encoding" value="UnicodeLittle"/>
    <property name="sun.desktop" value="gnome"/>
    <property name="sun.cpu.isalist" value=""/>
  </properties>
  <testcase classname="cz.cuni.mff.d3s.trupple.UnitTest" name="simpleTest" time="0">
    <error type="java.lang.NullPointerException">java.lang.NullPointerException
	at cz.cuni.mff.d3s.trupple.parser.identifierstable.IdentifiersTable.registerNewIdentifier(IdentifiersTable.java:308)
	at cz.cuni.mff.d3s.trupple.parser.identifierstable.IdentifiersTable.addVariable(IdentifiersTable.java:202)
	at cz.cuni.mff.d3s.trupple.parser.LexicalScope.registerLocalVariable(LexicalScope.java:155)
	at cz.cuni.mff.d3s.trupple.parser.NodeFactory.registerVariables(NodeFactory.java:215)
	at cz.cuni.mff.d3s.trupple.parser.tp.Parser.VariableLineDeclaration(Parser.java:423)
	at cz.cuni.mff.d3s.trupple.parser.tp.Parser.VariableDeclarations(Parser.java:231)
	at cz.cuni.mff.d3s.trupple.parser.tp.Parser.Declaration(Parser.java:187)
	at cz.cuni.mff.d3s.trupple.parser.tp.Parser.Declarations(Parser.java:145)
	at cz.cuni.mff.d3s.trupple.parser.tp.Parser.Pascal(Parser.java:110)
	at cz.cuni.mff.d3s.trupple.parser.tp.Parser.Parse(Parser.java:1304)
	at cz.cuni.mff.d3s.trupple.language.PascalLanguage.parseSource(PascalLanguage.java:110)
	at cz.cuni.mff.d3s.trupple.language.PascalLanguage.parse(PascalLanguage.java:85)
	at com.oracle.truffle.api.TruffleLanguage$ParsingRequest.parse(TruffleLanguage.java:352)
	at com.oracle.truffle.api.TruffleLanguage$LanguageImpl.parseForLanguage(TruffleLanguage.java:875)
	at com.oracle.truffle.api.TruffleLanguage$LanguageImpl.parse(TruffleLanguage.java:862)
	at com.oracle.truffle.api.vm.PolyglotEngine$PolyglotEvalRootNode.initialize(PolyglotEngine.java:956)
	at com.oracle.truffle.api.vm.PolyglotEngine$PolyglotEvalRootNode.executeImpl(PolyglotEngine.java:948)
	at com.oracle.truffle.api.vm.PolyglotEngine$PolyglotRootNode.execute(PolyglotEngine.java:913)
	at com.oracle.truffle.api.impl.DefaultCallTarget.call(DefaultCallTarget.java:77)
	at com.oracle.truffle.api.vm.PolyglotEngine.evalImpl(PolyglotEngine.java:606)
	at com.oracle.truffle.api.vm.PolyglotEngine.evalImpl(PolyglotEngine.java:586)
	at com.oracle.truffle.api.vm.PolyglotEngine.eval(PolyglotEngine.java:527)
	at cz.cuni.mff.d3s.trupple.JUnitTest.test(JUnitTest.java:83)
	at cz.cuni.mff.d3s.trupple.JUnitTest.test(JUnitTest.java:76)
	at cz.cuni.mff.d3s.trupple.JUnitTest.test(JUnitTest.java:71)
	at cz.cuni.mff.d3s.trupple.UnitTest.simpleTest(UnitTest.java:90)
	at sun.reflect.NativeMethodAccessorImpl.invoke0(Native Method)
	at sun.reflect.NativeMethodAccessorImpl.invoke(NativeMethodAccessorImpl.java:62)
	at sun.reflect.DelegatingMethodAccessorImpl.invoke(DelegatingMethodAccessorImpl.java:43)
	at java.lang.reflect.Method.invoke(Method.java:498)
	at org.junit.runners.model.FrameworkMethod$1.runReflectiveCall(FrameworkMethod.java:47)
	at org.junit.internal.runners.model.ReflectiveCallable.run(ReflectiveCallable.java:12)
	at org.junit.runners.model.FrameworkMethod.invokeExplosively(FrameworkMethod.java:44)
	at org.junit.internal.runners.statements.InvokeMethod.evaluate(InvokeMethod.java:17)
	at org.junit.internal.runners.statements.RunBefores.evaluate(RunBefores.java:26)
	at org.junit.runners.ParentRunner.runLeaf(ParentRunner.java:271)
	at org.junit.runners.BlockJUnit4ClassRunner.runChild(BlockJUnit4ClassRunner.java:70)
	at org.junit.runners.BlockJUnit4ClassRunner.runChild(BlockJUnit4ClassRunner.java:50)
	at org.junit.runners.ParentRunner$3.run(ParentRunner.java:238)
	at org.junit.runners.ParentRunner$1.schedule(ParentRunner.java:63)
	at org.junit.runners.ParentRunner.runChildren(ParentRunner.java:236)
	at org.junit.runners.ParentRunner.access$000(ParentRunner.java:53)
	at org.junit.runners.ParentRunner$2.evaluate(ParentRunner.java:229)
	at org.junit.runners.ParentRunner.run(ParentRunner.java:309)
	at org.apache.maven.surefire.junit4.JUnit4Provider.execute(JUnit4Provider.java:252)
	at org.apache.maven.surefire.junit4.JUnit4Provider.executeTestSet(JUnit4Provider.java:141)
	at org.apache.maven.surefire.junit4.JUnit4Provider.invoke(JUnit4Provider.java:112)
	at sun.reflect.NativeMethodAccessorImpl.invoke0(Native Method)
	at sun.reflect.NativeMethodAccessorImpl.invoke(NativeMethodAccessorImpl.java:62)
	at sun.reflect.DelegatingMethodAccessorImpl.invoke(DelegatingMethodAccessorImpl.java:43)
	at java.lang.reflect.Method.invoke(Method.java:498)
	at org.apache.maven.surefire.util.ReflectionUtils.invokeMethodWithArray(ReflectionUtils.java:189)
	at org.apache.maven.surefire.booter.ProviderFactory$ProviderProxy.invoke(ProviderFactory.java:165)
	at org.apache.maven.surefire.booter.ProviderFactory.invokeProvider(ProviderFactory.java:85)
	at org.apache.maven.surefire.booter.ForkedBooter.runSuitesInProcess(ForkedBooter.java:115)
	at org.apache.maven.surefire.booter.ForkedBooter.main(ForkedBooter.java:75)
</error>
  </testcase>
  <testcase classname="cz.cuni.mff.d3s.trupple.UnitTest" name="recursiveUnitWithRecordTest" time="0">
    <error type="java.lang.NullPointerException">java.lang.NullPointerException
	at cz.cuni.mff.d3s.trupple.parser.identifierstable.IdentifiersTable.registerNewIdentifier(IdentifiersTable.java:308)
	at cz.cuni.mff.d3s.trupple.parser.identifierstable.IdentifiersTable.addVariable(IdentifiersTable.java:202)
	at cz.cuni.mff.d3s.trupple.parser.LexicalScope.registerLocalVariable(LexicalScope.java:155)
	at cz.cuni.mff.d3s.trupple.parser.NodeFactory.registerVariables(NodeFactory.java:215)
	at cz.cuni.mff.d3s.trupple.parser.tp.Parser.VariableLineDeclaration(Parser.java:423)
	at cz.cuni.mff.d3s.trupple.parser.tp.Parser.VariableDeclarations(Parser.java:228)
	at cz.cuni.mff.d3s.trupple.parser.tp.Parser.Declaration(Parser.java:187)
	at cz.cuni.mff.d3s.trupple.parser.tp.Parser.Declarations(Parser.java:145)
	at cz.cuni.mff.d3s.trupple.parser.tp.Parser.Pascal(Parser.java:110)
	at cz.cuni.mff.d3s.trupple.parser.tp.Parser.Parse(Parser.java:1304)
	at cz.cuni.mff.d3s.trupple.language.PascalLanguage.parseSource(PascalLanguage.java:110)
	at cz.cuni.mff.d3s.trupple.language.PascalLanguage.parse(PascalLanguage.java:85)
	at com.oracle.truffle.api.TruffleLanguage$ParsingRequest.parse(TruffleLanguage.java:352)
	at com.oracle.truffle.api.TruffleLanguage$LanguageImpl.parseForLanguage(TruffleLanguage.java:875)
	at com.oracle.truffle.api.TruffleLanguage$LanguageImpl.parse(TruffleLanguage.java:862)
	at com.oracle.truffle.api.vm.PolyglotEngine$PolyglotEvalRootNode.initialize(PolyglotEngine.java:956)
	at com.oracle.truffle.api.vm.PolyglotEngine$PolyglotEvalRootNode.executeImpl(PolyglotEngine.java:948)
	at com.oracle.truffle.api.vm.PolyglotEngine$PolyglotRootNode.execute(PolyglotEngine.java:913)
	at com.oracle.truffle.api.impl.DefaultCallTarget.call(DefaultCallTarget.java:77)
	at com.oracle.truffle.api.vm.PolyglotEngine.evalImpl(PolyglotEngine.java:606)
	at com.oracle.truffle.api.vm.PolyglotEngine.evalImpl(PolyglotEngine.java:586)
	at com.oracle.truffle.api.vm.PolyglotEngine.eval(PolyglotEngine.java:527)
	at cz.cuni.mff.d3s.trupple.JUnitTest.test(JUnitTest.java:83)
	at cz.cuni.mff.d3s.trupple.JUnitTest.test(JUnitTest.java:76)
	at cz.cuni.mff.d3s.trupple.JUnitTest.test(JUnitTest.java:71)
	at cz.cuni.mff.d3s.trupple.UnitTest.recursiveUnitWithRecordTest(UnitTest.java:108)
	at sun.reflect.NativeMethodAccessorImpl.invoke0(Native Method)
	at sun.reflect.NativeMethodAccessorImpl.invoke(NativeMethodAccessorImpl.java:62)
	at sun.reflect.DelegatingMethodAccessorImpl.invoke(DelegatingMethodAccessorImpl.java:43)
	at java.lang.reflect.Method.invoke(Method.java:498)
	at org.junit.runners.model.FrameworkMethod$1.runReflectiveCall(FrameworkMethod.java:47)
	at org.junit.internal.runners.model.ReflectiveCallable.run(ReflectiveCallable.java:12)
	at org.junit.runners.model.FrameworkMethod.invokeExplosively(FrameworkMethod.java:44)
	at org.junit.internal.runners.statements.InvokeMethod.evaluate(InvokeMethod.java:17)
	at org.junit.internal.runners.statements.RunBefores.evaluate(RunBefores.java:26)
	at org.junit.runners.ParentRunner.runLeaf(ParentRunner.java:271)
	at org.junit.runners.BlockJUnit4ClassRunner.runChild(BlockJUnit4ClassRunner.java:70)
	at org.junit.runners.BlockJUnit4ClassRunner.runChild(BlockJUnit4ClassRunner.java:50)
	at org.junit.runners.ParentRunner$3.run(ParentRunner.java:238)
	at org.junit.runners.ParentRunner$1.schedule(ParentRunner.java:63)
	at org.junit.runners.ParentRunner.runChildren(ParentRunner.java:236)
	at org.junit.runners.ParentRunner.access$000(ParentRunner.java:53)
	at org.junit.runners.ParentRunner$2.evaluate(ParentRunner.java:229)
	at org.junit.runners.ParentRunner.run(ParentRunner.java:309)
	at org.apache.maven.surefire.junit4.JUnit4Provider.execute(JUnit4Provider.java:252)
	at org.apache.maven.surefire.junit4.JUnit4Provider.executeTestSet(JUnit4Provider.java:141)
	at org.apache.maven.surefire.junit4.JUnit4Provider.invoke(JUnit4Provider.java:112)
	at sun.reflect.NativeMethodAccessorImpl.invoke0(Native Method)
	at sun.reflect.NativeMethodAccessorImpl.invoke(NativeMethodAccessorImpl.java:62)
	at sun.reflect.DelegatingMethodAccessorImpl.invoke(DelegatingMethodAccessorImpl.java:43)
	at java.lang.reflect.Method.invoke(Method.java:498)
	at org.apache.maven.surefire.util.ReflectionUtils.invokeMethodWithArray(ReflectionUtils.java:189)
	at org.apache.maven.surefire.booter.ProviderFactory$ProviderProxy.invoke(ProviderFactory.java:165)
	at org.apache.maven.surefire.booter.ProviderFactory.invokeProvider(ProviderFactory.java:85)
	at org.apache.maven.surefire.booter.ForkedBooter.runSuitesInProcess(ForkedBooter.java:115)
	at org.apache.maven.surefire.booter.ForkedBooter.main(ForkedBooter.java:75)
</error>
  </testcase>
</testsuite>